<?xml version="1.0" encoding="UTF-8"?>
<testsuite xmlns:xsi="http://www.w3.org/2001/XMLSchema-instance" xsi:noNamespaceSchemaLocation="https://maven.apache.org/surefire/maven-surefire-plugin/xsd/surefire-test-report.xsd" version="3.0.2" name="runners.TestRunner" time="66.325" tests="1" errors="0" skipped="0" failures="0">
  <properties>
[...]
</properties>
  <testcase name="Login, buy product, checkout, and sort product" classname="E2E MyDemoApp Flow" time="66.174">
    <system-out><![CDATA[
Scenario: Login, buy product, checkout, and sort product # src/test/resources/features/e2e.feature:3
🚀 Appium Driver Started
  Given user is on product page                          # stepdefinitions.E2ESteps.user_is_on_product_page()
  When user login from menu                              # stepdefinitions.E2ESteps.user_login_from_menu()
  And user selects product Sauce Labs Backpack           # stepdefinitions.E2ESteps.user_selects_product()
  And user configures product and add to cart            # stepdefinitions.E2ESteps.user_configures_product_and_add_to_cart()
  And user opens cart and checkout                       # stepdefinitions.E2ESteps.user_opens_cart_and_checkout()
  And user completes checkout process                    # stepdefinitions.E2ESteps.user_completes_checkout_process()
  And user returns to product page                       # stepdefinitions.E2ESteps.user_returns_to_product_page()
  And user sorts product by name descending              # stepdefinitions.E2ESteps.user_sort_name_desc()
  And user sorts product by price ascending              # stepdefinitions.E2ESteps.user_sort_price_asc()
  Then product list should be displayed                  # stepdefinitions.E2ESteps.product_list_should_be_displayed()
]]></system-out>
    <system-err><![CDATA[SLF4J: No SLF4J providers were found.
SLF4J: Defaulting to no-operation (NOP) logger implementation
SLF4J: See https://www.slf4j.org/codes.html#noProviders for further details.
]]></system-err>
  </testcase>
</testsuite>